{
  message: 'Database connection established',
  level: 'info',
  label: 'PH',
  timestamp: '2023-06-18T14:12:13.994Z'
}
{
  message: 'Example app listening on port 5000',
  level: 'info',
  label: 'PH',
  timestamp: '2023-06-18T14:12:14.007Z'
}
{
  message: 'Database connection established',
  level: 'info',
  label: 'PH',
  timestamp: '2023-06-18T14:14:30.113Z'
}
{
  message: 'Example app listening on port 5000',
  level: 'info',
  label: 'PH',
  timestamp: '2023-06-18T14:14:30.124Z'
}
{
  message: 'Database connection established',
  level: 'info',
  label: 'PH',
  timestamp: '2023-06-18T14:16:09.065Z'
}
{
  message: 'Example app listening on port 5000',
  level: 'info',
  label: 'PH',
  timestamp: '2023-06-18T14:16:09.077Z'
}
{
  message: 'Database connection established',
  level: 'info',
  label: 'PH',
  timestamp: '2023-06-18T14:17:34.188Z'
}
{
  message: 'Example app listening on port 5000',
  level: 'info',
  label: 'PH',
  timestamp: '2023-06-18T14:17:34.204Z'
}
