{
  message: 'Database connection established',
  level: 'info',
  label: 'PH',
  timestamp: '2023-06-10T14:00:07.205Z'
}
{
  message: 'Example app listening on port 5000',
  level: 'info',
  label: 'PH',
  timestamp: '2023-06-10T14:00:07.214Z'
}
{
  message: 'Database connection established',
  level: 'info',
  label: 'PH',
  timestamp: '2023-06-10T14:00:11.459Z'
}
{
  message: 'Example app listening on port 5000',
  level: 'info',
  label: 'PH',
  timestamp: '2023-06-10T14:00:11.467Z'
}
{
  message: 'Database connection established',
  level: 'info',
  label: 'PH',
  timestamp: '2023-06-10T14:00:14.000Z'
}
{
  message: 'Example app listening on port 5000',
  level: 'info',
  label: 'PH',
  timestamp: '2023-06-10T14:00:14.008Z'
}
{
  message: 'Database connection established',
  level: 'info',
  label: 'PH',
  timestamp: '2023-06-10T14:00:20.785Z'
}
{
  message: 'Example app listening on port 5000',
  level: 'info',
  label: 'PH',
  timestamp: '2023-06-10T14:00:20.795Z'
}
{
  message: 'Database connection established',
  level: 'info',
  label: 'PH',
  timestamp: '2023-06-10T14:00:26.573Z'
}
{
  message: 'Example app listening on port 5000',
  level: 'info',
  label: 'PH',
  timestamp: '2023-06-10T14:00:26.585Z'
}
{
  message: 'Database connection established',
  level: 'info',
  label: 'PH',
  timestamp: '2023-06-10T14:23:40.066Z'
}
{
  message: 'Example app listening on port 5000',
  level: 'info',
  label: 'PH',
  timestamp: '2023-06-10T14:23:40.075Z'
}
{
  message: 'Database connection established',
  level: 'info',
  label: 'PH',
  timestamp: '2023-06-10T14:23:42.142Z'
}
{
  message: 'Example app listening on port 5000',
  level: 'info',
  label: 'PH',
  timestamp: '2023-06-10T14:23:42.150Z'
}
{
  message: 'Database connection established',
  level: 'info',
  label: 'PH',
  timestamp: '2023-06-10T14:23:47.249Z'
}
{
  message: 'Example app listening on port 5000',
  level: 'info',
  label: 'PH',
  timestamp: '2023-06-10T14:23:47.257Z'
}
{
  message: 'Database connection established',
  level: 'info',
  label: 'PH',
  timestamp: '2023-06-10T14:23:50.956Z'
}
{
  message: 'Example app listening on port 5000',
  level: 'info',
  label: 'PH',
  timestamp: '2023-06-10T14:23:50.967Z'
}
{
  message: 'Database connection established',
  level: 'info',
  label: 'PH',
  timestamp: '2023-06-10T14:24:30.121Z'
}
{
  message: 'Example app listening on port 5000',
  level: 'info',
  label: 'PH',
  timestamp: '2023-06-10T14:24:30.129Z'
}
{
  message: 'Database connection established',
  level: 'info',
  label: 'PH',
  timestamp: '2023-06-10T14:25:39.273Z'
}
{
  message: 'Example app listening on port 5000',
  level: 'info',
  label: 'PH',
  timestamp: '2023-06-10T14:25:39.281Z'
}
{
  message: 'Database connection established',
  level: 'info',
  label: 'PH',
  timestamp: '2023-06-10T14:25:48.527Z'
}
{
  message: 'Example app listening on port 5000',
  level: 'info',
  label: 'PH',
  timestamp: '2023-06-10T14:25:48.535Z'
}
{
  message: 'Database connection established',
  level: 'info',
  label: 'PH',
  timestamp: '2023-06-10T14:25:52.657Z'
}
{
  message: 'Example app listening on port 5000',
  level: 'info',
  label: 'PH',
  timestamp: '2023-06-10T14:25:52.667Z'
}
{
  message: 'Database connection established',
  level: 'info',
  label: 'PH',
  timestamp: '2023-06-10T14:32:23.868Z'
}
{
  message: 'Example app listening on port 5000',
  level: 'info',
  label: 'PH',
  timestamp: '2023-06-10T14:32:23.879Z'
}
{
  message: 'Database connection established',
  level: 'info',
  label: 'PH',
  timestamp: '2023-06-10T14:32:31.059Z'
}
{
  message: 'Example app listening on port 5000',
  level: 'info',
  label: 'PH',
  timestamp: '2023-06-10T14:32:31.066Z'
}
{
  message: 'Database connection established',
  level: 'info',
  label: 'PH',
  timestamp: '2023-06-10T14:32:39.612Z'
}
{
  message: 'Example app listening on port 5000',
  level: 'info',
  label: 'PH',
  timestamp: '2023-06-10T14:32:39.619Z'
}
{
  message: 'Database connection established',
  level: 'info',
  label: 'PH',
  timestamp: '2023-06-10T14:32:54.804Z'
}
{
  message: 'Example app listening on port 5000',
  level: 'info',
  label: 'PH',
  timestamp: '2023-06-10T14:32:54.812Z'
}
{
  message: 'Database connection established',
  level: 'info',
  label: 'PH',
  timestamp: '2023-06-10T14:32:56.967Z'
}
{
  message: 'Example app listening on port 5000',
  level: 'info',
  label: 'PH',
  timestamp: '2023-06-10T14:32:56.976Z'
}
{
  message: 'Database connection established',
  level: 'info',
  label: 'PH',
  timestamp: '2023-06-10T14:34:04.300Z'
}
{
  message: 'Example app listening on port 5000',
  level: 'info',
  label: 'PH',
  timestamp: '2023-06-10T14:34:04.307Z'
}
{
  message: 'Database connection established',
  level: 'info',
  label: 'PH',
  timestamp: '2023-06-10T14:34:14.238Z'
}
{
  message: 'Example app listening on port 5000',
  level: 'info',
  label: 'PH',
  timestamp: '2023-06-10T14:34:14.248Z'
}
{
  message: 'Database connection established',
  level: 'info',
  label: 'PH',
  timestamp: '2023-06-10T14:34:25.873Z'
}
{
  message: 'Example app listening on port 5000',
  level: 'info',
  label: 'PH',
  timestamp: '2023-06-10T14:34:25.881Z'
}
{
  message: 'Database connection established',
  level: 'info',
  label: 'PH',
  timestamp: '2023-06-10T14:34:28.175Z'
}
{
  message: 'Example app listening on port 5000',
  level: 'info',
  label: 'PH',
  timestamp: '2023-06-10T14:34:28.184Z'
}
{
  message: 'Database connection established',
  level: 'info',
  label: 'PH',
  timestamp: '2023-06-10T14:50:58.961Z'
}
{
  message: 'Example app listening on port 5000',
  level: 'info',
  label: 'PH',
  timestamp: '2023-06-10T14:50:58.984Z'
}
{
  message: 'Database connection established',
  level: 'info',
  label: 'PH',
  timestamp: '2023-06-10T14:51:24.928Z'
}
{
  message: 'Example app listening on port 5000',
  level: 'info',
  label: 'PH',
  timestamp: '2023-06-10T14:51:24.938Z'
}
{
  message: 'Database connection established',
  level: 'info',
  label: 'PH',
  timestamp: '2023-06-10T14:51:39.326Z'
}
{
  message: 'Example app listening on port 5000',
  level: 'info',
  label: 'PH',
  timestamp: '2023-06-10T14:51:39.337Z'
}
{
  message: 'Database connection established',
  level: 'info',
  label: 'PH',
  timestamp: '2023-06-10T14:51:55.751Z'
}
{
  message: 'Example app listening on port 5000',
  level: 'info',
  label: 'PH',
  timestamp: '2023-06-10T14:51:55.760Z'
}
{
  message: 'Database connection established',
  level: 'info',
  label: 'PH',
  timestamp: '2023-06-10T14:53:19.605Z'
}
{
  message: 'Example app listening on port 5000',
  level: 'info',
  label: 'PH',
  timestamp: '2023-06-10T14:53:19.613Z'
}
{
  message: 'Database connection established',
  level: 'info',
  label: 'PH',
  timestamp: '2023-06-10T14:53:26.784Z'
}
{
  message: 'Example app listening on port 5000',
  level: 'info',
  label: 'PH',
  timestamp: '2023-06-10T14:53:26.796Z'
}
{
  message: 'Database connection established',
  level: 'info',
  label: 'PH',
  timestamp: '2023-06-10T14:55:21.039Z'
}
{
  message: 'Example app listening on port 5000',
  level: 'info',
  label: 'PH',
  timestamp: '2023-06-10T14:55:21.046Z'
}
{
  message: 'Database connection established',
  level: 'info',
  label: 'PH',
  timestamp: '2023-06-10T14:59:03.744Z'
}
{
  message: 'Example app listening on port 5000',
  level: 'info',
  label: 'PH',
  timestamp: '2023-06-10T14:59:03.752Z'
}
{
  message: 'Database connection established',
  level: 'info',
  label: 'PH',
  timestamp: '2023-06-10T14:59:06.674Z'
}
{
  message: 'Example app listening on port 5000',
  level: 'info',
  label: 'PH',
  timestamp: '2023-06-10T14:59:06.682Z'
}
{
  message: 'Database connection established',
  level: 'info',
  label: 'PH',
  timestamp: '2023-06-10T14:59:19.923Z'
}
{
  message: 'Example app listening on port 5000',
  level: 'info',
  label: 'PH',
  timestamp: '2023-06-10T14:59:19.932Z'
}
