{
  message: 'Database connection established',
  level: 'info',
  label: 'PH',
  timestamp: '2023-06-10T15:02:56.084Z'
}
{
  message: 'Example app listening on port 5000',
  level: 'info',
  label: 'PH',
  timestamp: '2023-06-10T15:02:56.093Z'
}
{
  message: 'Database connection established',
  level: 'info',
  label: 'PH',
  timestamp: '2023-06-10T15:03:06.532Z'
}
{
  message: 'Example app listening on port 5000',
  level: 'info',
  label: 'PH',
  timestamp: '2023-06-10T15:03:06.540Z'
}
{
  message: 'Database connection established',
  level: 'info',
  label: 'PH',
  timestamp: '2023-06-10T15:06:21.193Z'
}
{
  message: 'Example app listening on port 5000',
  level: 'info',
  label: 'PH',
  timestamp: '2023-06-10T15:06:21.203Z'
}
{
  message: 'Database connection established',
  level: 'info',
  label: 'PH',
  timestamp: '2023-06-10T15:43:46.146Z'
}
{
  message: 'Example app listening on port 5000',
  level: 'info',
  label: 'PH',
  timestamp: '2023-06-10T15:43:46.164Z'
}
{
  message: 'Database connection established',
  level: 'info',
  label: 'PH',
  timestamp: '2023-06-10T15:43:49.411Z'
}
{
  message: 'Example app listening on port 5000',
  level: 'info',
  label: 'PH',
  timestamp: '2023-06-10T15:43:49.422Z'
}
