{
  message: 'Database connection established',
  level: 'info',
  label: 'PH',
  timestamp: '2023-06-09T17:03:03.262Z'
}
{
  message: 'Example app listening on port 5000',
  level: 'info',
  label: 'PH',
  timestamp: '2023-06-09T17:03:03.289Z'
}
{
  message: 'Database connection established',
  level: 'info',
  label: 'PH',
  timestamp: '2023-06-09T17:04:02.123Z'
}
{
  message: 'Example app listening on port 5000',
  level: 'info',
  label: 'PH',
  timestamp: '2023-06-09T17:04:02.129Z'
}
{
  message: 'Database connection established',
  level: 'info',
  label: 'PH',
  timestamp: '2023-06-09T17:04:37.746Z'
}
{
  message: 'Example app listening on port 5000',
  level: 'info',
  label: 'PH',
  timestamp: '2023-06-09T17:04:37.756Z'
}
{
  message: 'Database connection established',
  level: 'info',
  label: 'PH',
  timestamp: '2023-06-09T17:05:45.442Z'
}
{
  message: 'Example app listening on port 5000',
  level: 'info',
  label: 'PH',
  timestamp: '2023-06-09T17:05:45.451Z'
}
{
  message: 'Database connection established',
  level: 'info',
  label: 'PH',
  timestamp: '2023-06-09T17:06:04.157Z'
}
{
  message: 'Example app listening on port 5000',
  level: 'info',
  label: 'PH',
  timestamp: '2023-06-09T17:06:04.164Z'
}
{
  message: 'Database connection established',
  level: 'info',
  label: 'PH',
  timestamp: '2023-06-09T17:06:28.949Z'
}
{
  message: 'Example app listening on port 5000',
  level: 'info',
  label: 'PH',
  timestamp: '2023-06-09T17:06:28.957Z'
}
{
  message: 'Database connection established',
  level: 'info',
  label: 'PH',
  timestamp: '2023-06-09T17:06:40.739Z'
}
{
  message: 'Example app listening on port 5000',
  level: 'info',
  label: 'PH',
  timestamp: '2023-06-09T17:06:40.748Z'
}
{
  message: 'Database connection established',
  level: 'info',
  label: 'PH',
  timestamp: '2023-06-09T17:06:45.793Z'
}
{
  message: 'Example app listening on port 5000',
  level: 'info',
  label: 'PH',
  timestamp: '2023-06-09T17:06:45.802Z'
}
{
  message: 'Database connection established',
  level: 'info',
  label: 'PH',
  timestamp: '2023-06-09T17:07:08.355Z'
}
{
  message: 'Example app listening on port 5000',
  level: 'info',
  label: 'PH',
  timestamp: '2023-06-09T17:07:08.364Z'
}
{
  message: 'Database connection established',
  level: 'info',
  label: 'PH',
  timestamp: '2023-06-09T17:07:13.170Z'
}
{
  message: 'Example app listening on port 5000',
  level: 'info',
  label: 'PH',
  timestamp: '2023-06-09T17:07:13.180Z'
}
{
  message: 'Database connection established',
  level: 'info',
  label: 'PH',
  timestamp: '2023-06-09T17:07:43.797Z'
}
{
  message: 'Example app listening on port 5000',
  level: 'info',
  label: 'PH',
  timestamp: '2023-06-09T17:07:43.807Z'
}
{
  message: 'Database connection established',
  level: 'info',
  label: 'PH',
  timestamp: '2023-06-09T17:08:24.751Z'
}
{
  message: 'Example app listening on port 5000',
  level: 'info',
  label: 'PH',
  timestamp: '2023-06-09T17:08:24.770Z'
}
{
  message: 'Database connection established',
  level: 'info',
  label: 'PH',
  timestamp: '2023-06-09T17:08:48.434Z'
}
{
  message: 'Example app listening on port 5000',
  level: 'info',
  label: 'PH',
  timestamp: '2023-06-09T17:08:48.443Z'
}
{
  message: 'Database connection established',
  level: 'info',
  label: 'PH',
  timestamp: '2023-06-09T17:08:55.435Z'
}
{
  message: 'Example app listening on port 5000',
  level: 'info',
  label: 'PH',
  timestamp: '2023-06-09T17:08:55.445Z'
}
{
  message: 'Database connection established',
  level: 'info',
  label: 'PH',
  timestamp: '2023-06-09T17:08:58.412Z'
}
{
  message: 'Example app listening on port 5000',
  level: 'info',
  label: 'PH',
  timestamp: '2023-06-09T17:08:58.420Z'
}
{
  message: 'Database connection established',
  level: 'info',
  label: 'PH',
  timestamp: '2023-06-09T17:09:08.054Z'
}
{
  message: 'Example app listening on port 5000',
  level: 'info',
  label: 'PH',
  timestamp: '2023-06-09T17:09:08.062Z'
}
{
  message: 'Database connection established',
  level: 'info',
  label: 'PH',
  timestamp: '2023-06-09T17:09:11.134Z'
}
{
  message: 'Example app listening on port 5000',
  level: 'info',
  label: 'PH',
  timestamp: '2023-06-09T17:09:11.144Z'
}
{
  message: 'Database connection established',
  level: 'info',
  label: 'PH',
  timestamp: '2023-06-09T17:09:13.277Z'
}
{
  message: 'Example app listening on port 5000',
  level: 'info',
  label: 'PH',
  timestamp: '2023-06-09T17:09:13.286Z'
}
{
  message: 'Database connection established',
  level: 'info',
  label: 'PH',
  timestamp: '2023-06-09T17:09:18.306Z'
}
{
  message: 'Example app listening on port 5000',
  level: 'info',
  label: 'PH',
  timestamp: '2023-06-09T17:09:18.314Z'
}
{
  message: 'Database connection established',
  level: 'info',
  label: 'PH',
  timestamp: '2023-06-09T17:09:53.684Z'
}
{
  message: 'Example app listening on port 5000',
  level: 'info',
  label: 'PH',
  timestamp: '2023-06-09T17:09:53.700Z'
}
