{
  message: 'Database connection established',
  level: 'info',
  label: 'right meow!',
  timestamp: '2023-06-03T20:16:40.196Z'
}
{
  message: 'Example app listening on port 5000',
  level: 'info',
  label: 'right meow!',
  timestamp: '2023-06-03T20:16:40.206Z'
}
{
  message: 'Database connection established',
  level: 'info',
  label: 'right meow!',
  timestamp: '2023-06-03T20:18:10.634Z'
}
{
  message: 'Example app listening on port 5000',
  level: 'info',
  label: 'right meow!',
  timestamp: '2023-06-03T20:18:10.640Z'
}
{
  message: 'Database connection established',
  level: 'info',
  label: 'right meow!',
  timestamp: '2023-06-03T20:18:34.146Z'
}
{
  message: 'Example app listening on port 5000',
  level: 'info',
  label: 'right meow!',
  timestamp: '2023-06-03T20:18:34.153Z'
}
{
  message: 'Database connection established',
  level: 'info',
  label: 'right meow!',
  timestamp: '2023-06-03T20:18:52.274Z'
}
{
  message: 'Example app listening on port 5000',
  level: 'info',
  label: 'right meow!',
  timestamp: '2023-06-03T20:18:52.283Z'
}
{
  message: 'Database connection established',
  level: 'info',
  label: 'right meow!',
  timestamp: '2023-06-03T20:19:18.487Z'
}
{
  message: 'Example app listening on port 5000',
  level: 'info',
  label: 'right meow!',
  timestamp: '2023-06-03T20:19:18.495Z'
}
{
  message: 'Database connection established',
  level: 'info',
  label: 'right meow!',
  timestamp: '2023-06-03T20:19:23.303Z'
}
{
  message: 'Example app listening on port 5000',
  level: 'info',
  label: 'right meow!',
  timestamp: '2023-06-03T20:19:23.310Z'
}
{
  message: 'Database connection established',
  level: 'info',
  label: 'right meow!',
  timestamp: '2023-06-03T20:19:34.329Z'
}
{
  message: 'Example app listening on port 5000',
  level: 'info',
  label: 'right meow!',
  timestamp: '2023-06-03T20:19:34.337Z'
}
